1662991368646	geckodriver	INFO	Listening on 127.0.0.1:60437
1662991369649	mozrunner::runner	INFO	Running command: "/usr/bin/firefox" "--marionette" "-no-remote" "-profile" "/tmp/rust_mozprofileQAfM17"
ATTENTION: default value of option mesa_glthread overridden by environment.
ATTENTION: default value of option mesa_glthread overridden by environment.
ATTENTION: default value of option mesa_glthread overridden by environment.
ATTENTION: default value of option mesa_glthread overridden by environment.
1662991370292	Marionette	INFO	Marionette enabled
1662991370297	Marionette	INFO	Listening on port 34059
1662991370394	RemoteAgent	WARN	TLS certificate errors will be ignored for this session
console.warn: SearchSettings: "get: No settings file exists, new profile?" (new NotFoundError("Could not open the file at /tmp/rust_mozprofileQAfM17/search.json.mozlz4", (void 0)))
Missing chrome or resource URL: resource://gre/modules/UpdateListener.sys.mjs
console.warn: LoginRecipes: "Falling back to a synchronous message for: https://ohrm.lfdanalytics.com."
console.warn: LoginRecipes: "Falling back to a synchronous message for: https://ohrm.lfdanalytics.com."
1662991393887	Marionette	WARN	TimedPromise timed out after 500 ms: stacktrace:
TimedPromise/<@chrome://remote/content/marionette/sync.js:236:24
TimedPromise@chrome://remote/content/marionette/sync.js:221:10
interaction.flushEventLoop@chrome://remote/content/marionette/interaction.js:431:10
webdriverClickElement@chrome://remote/content/marionette/interaction.js:179:31
1662991395362	Marionette	INFO	Stopped listening on port 34059
Missing chrome or resource URL: resource://gre/modules/UpdateListener.sys.mjs
console.error: "Error during quit-application-granted: [Exception... \"File error: Not found\"  nsresult: \"0x80520012 (NS_ERROR_FILE_NOT_FOUND)\"  location: \"JS frame :: resource:///modules/BrowserGlue.jsm :: _onQuitApplicationGranted/tasks< :: line 2013\"  data: no]"
JavaScript error: https://ohrm.lfdanalytics.com/symfony/web/webres_6051af48107ce6.31500353/js/jquery/jquery.ui.datepicker.js, line 1138: uncaught exception: Invalid arguments
Sandbox: Unexpected EOF, op 0 flags 00 path /proc/cpuinfo
